# Verdnatura paper PDF attach log — 2026-04-30
# Format: docNum pedido_id attachment_id size_bytes status
# Pilot (12186833 / pedido 39256 / attachment 20248) excluded — done previously
# 165 records processed
12187009 39254 20249 186459 OK
12186835 39255 20250 170293 OK
12186266 39257 20251 186107 OK
12186258 39258 20252 178699 OK
12186249 39259 20253 184835 OK
12186142 39260 20254 155514 OK
12186011 39261 20255 150742 OK
12178250 39262 20256 162730 OK
12178246 39263 20257 179609 OK
12178233 39264 20258 177455 OK
12189292 39266 20259 142764 OK
12191268 39267 20260 144913 OK
12211995 39270 20261 152337 OK
12211339 39271 20262 144152 OK
12211205 39272 20263 154581 OK
12210647 39273 20264 159561 OK
12189458 39274 20265 147987 OK
12212094 39275 20266 155703 OK
12212005 39276 20267 138588 OK
12211711 39277 20268 145305 OK
12212028 39278 20269 78574 OK
12211206 39279 20270 78344 OK
12210664 39280 20271 78801 OK
12211352 39281 20272 78344 OK
12211354 39282 20273 78344 OK
12211353 39283 20274 78344 OK
12210652 39285 20275 78801 OK
12186031 39286 20276 158727 OK
12224742 39287 20277 138630 OK
12240448 39290 20278 157884 OK
12240822 39291 20279 147653 OK
12241584 39292 20280 157269 OK
12240433 39293 20281 160341 OK
12240831 39294 20282 145267 OK
12241558 39295 20283 159123 OK
12242204 39296 20284 143527 OK
12240437 39297 20285 157817 OK
12240821 39298 20286 140884 OK
12241568 39299 20287 150810 OK
12239515 39300 20288 78564 OK
12239593 39301 20289 146565 OK
12254929 39304 20290 139387 OK
12267932 39305 20291 150757 OK
12268744 39306 20292 138882 OK
12269232 39307 20293 149738 OK
12268885 39308 20294 156804 OK
12267946 39309 20295 157579 OK
12268877 39310 20296 144403 OK
12269241 39311 20297 152984 OK
12267928 39312 20298 151117 OK
12269229 39313 20299 150881 OK
12254925 39314 20300 136646 OK
12296354 39317 20301 151761 OK
12295963 39318 20302 164904 OK
12281779 39319 20303 156462 OK
12294920 39320 20304 160490 OK
12295948 39321 20305 44269 OK
12294906 39322 20306 44394 OK
12295815 39323 20307 44394 OK
12295939 39324 20308 44269 OK
12294902 39325 20309 51949 OK
12277169 39326 20310 103996 OK
12330950 39328 20311 148146 OK
12328720 39329 20312 143805 OK
12328714 39330 20313 155469 OK
12327208 39331 20314 135658 OK
12175297 39332 20315 137336 OK
12330936 39333 20316 143313 OK
12328686 39334 20317 152129 OK
12327116 39335 20318 141956 OK
12330924 39336 20319 152112 OK
12328676 39337 20320 158414 OK
12327822 39338 20321 141930 OK
12363432 39340 20322 157561 OK
12363251 39341 20323 141933 OK
12362713 39342 20324 159125 OK
12362444 39343 20325 138026 OK
12363408 39344 20326 153464 OK
12363252 39345 20327 135570 OK
12362701 39346 20328 160003 OK
12362472 39347 20329 137002 OK
12363418 39348 20330 150126 OK
12362494 39349 20331 154926 OK
12384601 39350 20332 139048 OK
12389795 39351 20333 148392 OK
12390612 39352 20334 140058 OK
12391326 39353 20335 143338 OK
12389789 39354 20336 148106 OK
12390620 39355 20337 140033 OK
12391311 39356 20338 142461 OK
12377305 39357 20339 135395 OK
12389782 39358 20340 147935 OK
12390583 39359 20341 140290 OK
12391307 39360 20342 140865 OK
12421777 39367 20343 102732 OK
12421570 39368 20344 112484 OK
12421571 39369 20345 111211 OK
12419995 39370 20346 117683 OK
12420248 39371 20347 116615 OK
12420470 39372 20348 103772 OK
12420769 39373 20349 110240 OK
12420799 39374 20350 112657 OK
12421210 39375 20351 110933 OK
12406002 39361 20352 103110 OK
12406077 39362 20353 104127 OK
12406104 39363 20354 103093 OK
12419994 39364 20355 116569 OK
12420471 39365 20356 103498 OK
12421209 39366 20357 108006 OK
12436371 39377 20358 102532 OK
12440211 39381 20359 103701 OK
12440412 39382 20360 102469 OK
12456632 39383 20361 104890 OK
12492083 39396 20362 106984 OK
12492085 39397 20363 104504 OK
12492422 39398 20364 103309 OK
12492439 39399 20365 108997 OK
12479783 39393 20366 108615 OK
12491311 39394 20367 103172 OK
12491307 39395 20368 109430 OK
12479772 39400 20369 103561 OK
12481097 39401 20370 103657 OK
12498374 39402 20371 98893 OK
12455701 39403 20372 98598 OK
12511577 39406 20373 99554 OK
12511587 39407 20374 102072 OK
12509866 39408 20375 105760 OK
12504383 39409 20376 100084 OK
12510703 39404 20377 103132 OK
12455986 39339 20378 43561 OK
12455416 39384 20379 43761 OK
12462861 39385 20380 43796 OK
12462832 39386 20381 43561 OK
12462831 39387 20382 43561 OK
12461957 39388 20383 43561 OK
12525986 39410 20384 99928 OK
12525985 39411 20385 106208 OK
12538569 39413 20386 104711 OK
12538568 39414 20387 104202 OK
12538510 39415 20388 101131 OK
12538724 39416 20389 101046 OK
12541173 39417 20390 101623 OK
12538725 39418 20391 103895 OK
12538980 39419 20392 103205 OK
12536221 39420 20393 104251 OK
12537810 39421 20394 104593 OK
12535330 39422 20395 100985 OK
12537812 39412 20396 112729 OK
12545741 39423 20397 102288 OK
12545742 39424 20398 102055 OK
12544791 39425 20399 100100 OK
12545269 39426 20400 100597 OK
12537111 39427 20401 103903 OK
12544575 39428 20402 101596 OK
12537817 39429 20403 100072 OK
12562508 39433 20404 106548 OK
12561510 39434 20405 100060 OK
12552622 39435 20406 100626 OK
12561916 39436 20407 100074 OK
12562825 39437 20408 101942 OK
12539807 39438 20409 101325 OK
12561986 39439 20410 100376 OK
12561164 39440 20411 107068 OK
12443580 39376 20412 102188 OK
12510649 39405 20413 100240 OK
